<?xml version="1.0" encoding="UTF-8"?>
<testsuite xmlns:xsi="http://www.w3.org/2001/XMLSchema-instance" xsi:noNamespaceSchemaLocation="https://maven.apache.org/surefire/maven-surefire-plugin/xsd/surefire-test-report.xsd" name="com.huang.bigproject.BigProjectApplicationTests" time="4.685" tests="1" errors="0" skipped="0" failures="0">
  <properties>
    <property name="java.specification.version" value="15"/>
    <property name="sun.cpu.isalist" value="amd64"/>
    <property name="sun.jnu.encoding" value="GBK"/>
    <property name="java.class.path" value="D:\program\java项目\bigProject\target\test-classes;D:\program\java项目\bigProject\target\classes;D:\java\maven\respo\org\springframework\boot\spring-boot-starter-security\2.5.4\spring-boot-starter-security-2.5.4.jar;D:\java\maven\respo\org\springframework\boot\spring-boot-starter\2.5.4\spring-boot-starter-2.5.4.jar;D:\java\maven\respo\org\springframework\boot\spring-boot\2.5.4\spring-boot-2.5.4.jar;D:\java\maven\respo\org\springframework\boot\spring-boot-autoconfigure\2.5.4\spring-boot-autoconfigure-2.5.4.jar;D:\java\maven\respo\org\springframework\boot\spring-boot-starter-logging\2.5.4\spring-boot-starter-logging-2.5.4.jar;D:\java\maven\respo\ch\qos\logback\logback-classic\1.2.5\logback-classic-1.2.5.jar;D:\java\maven\respo\ch\qos\logback\logback-core\1.2.5\logback-core-1.2.5.jar;D:\java\maven\respo\org\apache\logging\log4j\log4j-to-slf4j\2.14.1\log4j-to-slf4j-2.14.1.jar;D:\java\maven\respo\org\apache\logging\log4j\log4j-api\2.14.1\log4j-api-2.14.1.jar;D:\java\maven\respo\org\slf4j\jul-to-slf4j\1.7.32\jul-to-slf4j-1.7.32.jar;D:\java\maven\respo\jakarta\annotation\jakarta.annotation-api\1.3.5\jakarta.annotation-api-1.3.5.jar;D:\java\maven\respo\org\yaml\snakeyaml\1.28\snakeyaml-1.28.jar;D:\java\maven\respo\org\springframework\spring-aop\5.3.9\spring-aop-5.3.9.jar;D:\java\maven\respo\org\springframework\spring-beans\5.3.9\spring-beans-5.3.9.jar;D:\java\maven\respo\org\springframework\security\spring-security-config\5.5.2\spring-security-config-5.5.2.jar;D:\java\maven\respo\org\springframework\spring-context\5.3.9\spring-context-5.3.9.jar;D:\java\maven\respo\org\springframework\security\spring-security-web\5.5.2\spring-security-web-5.5.2.jar;D:\java\maven\respo\org\springframework\spring-expression\5.3.9\spring-expression-5.3.9.jar;D:\java\maven\respo\org\springframework\boot\spring-boot-starter-web\2.5.4\spring-boot-starter-web-2.5.4.jar;D:\java\maven\respo\org\springframework\boot\spring-boot-starter-json\2.5.4\spring-boot-starter-json-2.5.4.jar;D:\java\maven\respo\com\fasterxml\jackson\core\jackson-databind\2.12.4\jackson-databind-2.12.4.jar;D:\java\maven\respo\com\fasterxml\jackson\core\jackson-annotations\2.12.4\jackson-annotations-2.12.4.jar;D:\java\maven\respo\com\fasterxml\jackson\core\jackson-core\2.12.4\jackson-core-2.12.4.jar;D:\java\maven\respo\com\fasterxml\jackson\datatype\jackson-datatype-jdk8\2.12.4\jackson-datatype-jdk8-2.12.4.jar;D:\java\maven\respo\com\fasterxml\jackson\datatype\jackson-datatype-jsr310\2.12.4\jackson-datatype-jsr310-2.12.4.jar;D:\java\maven\respo\com\fasterxml\jackson\module\jackson-module-parameter-names\2.12.4\jackson-module-parameter-names-2.12.4.jar;D:\java\maven\respo\org\springframework\boot\spring-boot-starter-tomcat\2.5.4\spring-boot-starter-tomcat-2.5.4.jar;D:\java\maven\respo\org\apache\tomcat\embed\tomcat-embed-core\9.0.52\tomcat-embed-core-9.0.52.jar;D:\java\maven\respo\org\apache\tomcat\embed\tomcat-embed-el\9.0.52\tomcat-embed-el-9.0.52.jar;D:\java\maven\respo\org\apache\tomcat\embed\tomcat-embed-websocket\9.0.52\tomcat-embed-websocket-9.0.52.jar;D:\java\maven\respo\org\springframework\spring-web\5.3.9\spring-web-5.3.9.jar;D:\java\maven\respo\org\springframework\spring-webmvc\5.3.9\spring-webmvc-5.3.9.jar;D:\java\maven\respo\org\projectlombok\lombok\1.18.20\lombok-1.18.20.jar;D:\java\maven\respo\org\springframework\boot\spring-boot-starter-test\2.5.4\spring-boot-starter-test-2.5.4.jar;D:\java\maven\respo\org\springframework\boot\spring-boot-test\2.5.4\spring-boot-test-2.5.4.jar;D:\java\maven\respo\org\springframework\boot\spring-boot-test-autoconfigure\2.5.4\spring-boot-test-autoconfigure-2.5.4.jar;D:\java\maven\respo\com\jayway\jsonpath\json-path\2.5.0\json-path-2.5.0.jar;D:\java\maven\respo\net\minidev\json-smart\2.4.7\json-smart-2.4.7.jar;D:\java\maven\respo\net\minidev\accessors-smart\2.4.7\accessors-smart-2.4.7.jar;D:\java\maven\respo\org\ow2\asm\asm\9.1\asm-9.1.jar;D:\java\maven\respo\org\slf4j\slf4j-api\1.7.32\slf4j-api-1.7.32.jar;D:\java\maven\respo\jakarta\xml\bind\jakarta.xml.bind-api\2.3.3\jakarta.xml.bind-api-2.3.3.jar;D:\java\maven\respo\jakarta\activation\jakarta.activation-api\1.2.2\jakarta.activation-api-1.2.2.jar;D:\java\maven\respo\org\assertj\assertj-core\3.19.0\assertj-core-3.19.0.jar;D:\java\maven\respo\org\hamcrest\hamcrest\2.2\hamcrest-2.2.jar;D:\java\maven\respo\org\junit\jupiter\junit-jupiter\5.7.2\junit-jupiter-5.7.2.jar;D:\java\maven\respo\org\junit\jupiter\junit-jupiter-api\5.7.2\junit-jupiter-api-5.7.2.jar;D:\java\maven\respo\org\apiguardian\apiguardian-api\1.1.0\apiguardian-api-1.1.0.jar;D:\java\maven\respo\org\opentest4j\opentest4j\1.2.0\opentest4j-1.2.0.jar;D:\java\maven\respo\org\junit\platform\junit-platform-commons\1.7.2\junit-platform-commons-1.7.2.jar;D:\java\maven\respo\org\junit\jupiter\junit-jupiter-params\5.7.2\junit-jupiter-params-5.7.2.jar;D:\java\maven\respo\org\junit\jupiter\junit-jupiter-engine\5.7.2\junit-jupiter-engine-5.7.2.jar;D:\java\maven\respo\org\junit\platform\junit-platform-engine\1.7.2\junit-platform-engine-1.7.2.jar;D:\java\maven\respo\org\mockito\mockito-core\3.9.0\mockito-core-3.9.0.jar;D:\java\maven\respo\net\bytebuddy\byte-buddy\1.10.22\byte-buddy-1.10.22.jar;D:\java\maven\respo\net\bytebuddy\byte-buddy-agent\1.10.22\byte-buddy-agent-1.10.22.jar;D:\java\maven\respo\org\objenesis\objenesis\3.2\objenesis-3.2.jar;D:\java\maven\respo\org\mockito\mockito-junit-jupiter\3.9.0\mockito-junit-jupiter-3.9.0.jar;D:\java\maven\respo\org\skyscreamer\jsonassert\1.5.0\jsonassert-1.5.0.jar;D:\java\maven\respo\com\vaadin\external\google\android-json\0.0.20131108.vaadin1\android-json-0.0.20131108.vaadin1.jar;D:\java\maven\respo\org\springframework\spring-core\5.3.9\spring-core-5.3.9.jar;D:\java\maven\respo\org\springframework\spring-jcl\5.3.9\spring-jcl-5.3.9.jar;D:\java\maven\respo\org\springframework\spring-test\5.3.9\spring-test-5.3.9.jar;D:\java\maven\respo\org\xmlunit\xmlunit-core\2.8.2\xmlunit-core-2.8.2.jar;D:\java\maven\respo\org\springframework\security\spring-security-test\5.5.2\spring-security-test-5.5.2.jar;D:\java\maven\respo\org\springframework\security\spring-security-core\5.5.2\spring-security-core-5.5.2.jar;D:\java\maven\respo\org\springframework\security\spring-security-crypto\5.5.2\spring-security-crypto-5.5.2.jar;D:\java\maven\respo\mysql\mysql-connector-java\8.0.26\mysql-connector-java-8.0.26.jar;D:\java\maven\respo\org\mybatis\spring\boot\mybatis-spring-boot-starter\2.2.0\mybatis-spring-boot-starter-2.2.0.jar;D:\java\maven\respo\org\springframework\boot\spring-boot-starter-jdbc\2.5.4\spring-boot-starter-jdbc-2.5.4.jar;D:\java\maven\respo\com\zaxxer\HikariCP\4.0.3\HikariCP-4.0.3.jar;D:\java\maven\respo\org\springframework\spring-jdbc\5.3.9\spring-jdbc-5.3.9.jar;D:\java\maven\respo\org\springframework\spring-tx\5.3.9\spring-tx-5.3.9.jar;D:\java\maven\respo\org\mybatis\spring\boot\mybatis-spring-boot-autoconfigure\2.2.0\mybatis-spring-boot-autoconfigure-2.2.0.jar;D:\java\maven\respo\org\mybatis\mybatis\3.5.7\mybatis-3.5.7.jar;D:\java\maven\respo\org\mybatis\mybatis-spring\2.0.6\mybatis-spring-2.0.6.jar;D:\java\maven\respo\org\springframework\boot\spring-boot-starter-thymeleaf\2.5.4\spring-boot-starter-thymeleaf-2.5.4.jar;D:\java\maven\respo\org\thymeleaf\thymeleaf-spring5\3.0.12.RELEASE\thymeleaf-spring5-3.0.12.RELEASE.jar;D:\java\maven\respo\org\thymeleaf\thymeleaf\3.0.12.RELEASE\thymeleaf-3.0.12.RELEASE.jar;D:\java\maven\respo\org\attoparser\attoparser\2.0.5.RELEASE\attoparser-2.0.5.RELEASE.jar;D:\java\maven\respo\org\unbescape\unbescape\1.1.6.RELEASE\unbescape-1.1.6.RELEASE.jar;D:\java\maven\respo\org\thymeleaf\extras\thymeleaf-extras-java8time\3.0.4.RELEASE\thymeleaf-extras-java8time-3.0.4.RELEASE.jar;"/>
    <property name="java.vm.vendor" value="AdoptOpenJDK"/>
    <property name="sun.arch.data.model" value="64"/>
    <property name="user.variant" value=""/>
    <property name="java.vendor.url" value="https://adoptopenjdk.net/"/>
    <property name="user.timezone" value="Asia/Shanghai"/>
    <property name="os.name" value="Windows 10"/>
    <property name="java.vm.specification.version" value="15"/>
    <property name="sun.java.launcher" value="SUN_STANDARD"/>
    <property name="user.country" value="CN"/>
    <property name="sun.boot.library.path" value="D:\Java\jdk\bin"/>
    <property name="sun.java.command" value="C:\Users\Chipmunk\AppData\Local\Temp\surefire15692139676302609623\surefirebooter14535277899397298094.jar C:\Users\Chipmunk\AppData\Local\Temp\surefire15692139676302609623 2021-09-03T15-32-25_026-jvmRun1 surefire13231704012874051067tmp surefire_017127850426090382300tmp"/>
    <property name="jdk.debug" value="release"/>
    <property name="surefire.test.class.path" value="D:\program\java项目\bigProject\target\test-classes;D:\program\java项目\bigProject\target\classes;D:\java\maven\respo\org\springframework\boot\spring-boot-starter-security\2.5.4\spring-boot-starter-security-2.5.4.jar;D:\java\maven\respo\org\springframework\boot\spring-boot-starter\2.5.4\spring-boot-starter-2.5.4.jar;D:\java\maven\respo\org\springframework\boot\spring-boot\2.5.4\spring-boot-2.5.4.jar;D:\java\maven\respo\org\springframework\boot\spring-boot-autoconfigure\2.5.4\spring-boot-autoconfigure-2.5.4.jar;D:\java\maven\respo\org\springframework\boot\spring-boot-starter-logging\2.5.4\spring-boot-starter-logging-2.5.4.jar;D:\java\maven\respo\ch\qos\logback\logback-classic\1.2.5\logback-classic-1.2.5.jar;D:\java\maven\respo\ch\qos\logback\logback-core\1.2.5\logback-core-1.2.5.jar;D:\java\maven\respo\org\apache\logging\log4j\log4j-to-slf4j\2.14.1\log4j-to-slf4j-2.14.1.jar;D:\java\maven\respo\org\apache\logging\log4j\log4j-api\2.14.1\log4j-api-2.14.1.jar;D:\java\maven\respo\org\slf4j\jul-to-slf4j\1.7.32\jul-to-slf4j-1.7.32.jar;D:\java\maven\respo\jakarta\annotation\jakarta.annotation-api\1.3.5\jakarta.annotation-api-1.3.5.jar;D:\java\maven\respo\org\yaml\snakeyaml\1.28\snakeyaml-1.28.jar;D:\java\maven\respo\org\springframework\spring-aop\5.3.9\spring-aop-5.3.9.jar;D:\java\maven\respo\org\springframework\spring-beans\5.3.9\spring-beans-5.3.9.jar;D:\java\maven\respo\org\springframework\security\spring-security-config\5.5.2\spring-security-config-5.5.2.jar;D:\java\maven\respo\org\springframework\spring-context\5.3.9\spring-context-5.3.9.jar;D:\java\maven\respo\org\springframework\security\spring-security-web\5.5.2\spring-security-web-5.5.2.jar;D:\java\maven\respo\org\springframework\spring-expression\5.3.9\spring-expression-5.3.9.jar;D:\java\maven\respo\org\springframework\boot\spring-boot-starter-web\2.5.4\spring-boot-starter-web-2.5.4.jar;D:\java\maven\respo\org\springframework\boot\spring-boot-starter-json\2.5.4\spring-boot-starter-json-2.5.4.jar;D:\java\maven\respo\com\fasterxml\jackson\core\jackson-databind\2.12.4\jackson-databind-2.12.4.jar;D:\java\maven\respo\com\fasterxml\jackson\core\jackson-annotations\2.12.4\jackson-annotations-2.12.4.jar;D:\java\maven\respo\com\fasterxml\jackson\core\jackson-core\2.12.4\jackson-core-2.12.4.jar;D:\java\maven\respo\com\fasterxml\jackson\datatype\jackson-datatype-jdk8\2.12.4\jackson-datatype-jdk8-2.12.4.jar;D:\java\maven\respo\com\fasterxml\jackson\datatype\jackson-datatype-jsr310\2.12.4\jackson-datatype-jsr310-2.12.4.jar;D:\java\maven\respo\com\fasterxml\jackson\module\jackson-module-parameter-names\2.12.4\jackson-module-parameter-names-2.12.4.jar;D:\java\maven\respo\org\springframework\boot\spring-boot-starter-tomcat\2.5.4\spring-boot-starter-tomcat-2.5.4.jar;D:\java\maven\respo\org\apache\tomcat\embed\tomcat-embed-core\9.0.52\tomcat-embed-core-9.0.52.jar;D:\java\maven\respo\org\apache\tomcat\embed\tomcat-embed-el\9.0.52\tomcat-embed-el-9.0.52.jar;D:\java\maven\respo\org\apache\tomcat\embed\tomcat-embed-websocket\9.0.52\tomcat-embed-websocket-9.0.52.jar;D:\java\maven\respo\org\springframework\spring-web\5.3.9\spring-web-5.3.9.jar;D:\java\maven\respo\org\springframework\spring-webmvc\5.3.9\spring-webmvc-5.3.9.jar;D:\java\maven\respo\org\projectlombok\lombok\1.18.20\lombok-1.18.20.jar;D:\java\maven\respo\org\springframework\boot\spring-boot-starter-test\2.5.4\spring-boot-starter-test-2.5.4.jar;D:\java\maven\respo\org\springframework\boot\spring-boot-test\2.5.4\spring-boot-test-2.5.4.jar;D:\java\maven\respo\org\springframework\boot\spring-boot-test-autoconfigure\2.5.4\spring-boot-test-autoconfigure-2.5.4.jar;D:\java\maven\respo\com\jayway\jsonpath\json-path\2.5.0\json-path-2.5.0.jar;D:\java\maven\respo\net\minidev\json-smart\2.4.7\json-smart-2.4.7.jar;D:\java\maven\respo\net\minidev\accessors-smart\2.4.7\accessors-smart-2.4.7.jar;D:\java\maven\respo\org\ow2\asm\asm\9.1\asm-9.1.jar;D:\java\maven\respo\org\slf4j\slf4j-api\1.7.32\slf4j-api-1.7.32.jar;D:\java\maven\respo\jakarta\xml\bind\jakarta.xml.bind-api\2.3.3\jakarta.xml.bind-api-2.3.3.jar;D:\java\maven\respo\jakarta\activation\jakarta.activation-api\1.2.2\jakarta.activation-api-1.2.2.jar;D:\java\maven\respo\org\assertj\assertj-core\3.19.0\assertj-core-3.19.0.jar;D:\java\maven\respo\org\hamcrest\hamcrest\2.2\hamcrest-2.2.jar;D:\java\maven\respo\org\junit\jupiter\junit-jupiter\5.7.2\junit-jupiter-5.7.2.jar;D:\java\maven\respo\org\junit\jupiter\junit-jupiter-api\5.7.2\junit-jupiter-api-5.7.2.jar;D:\java\maven\respo\org\apiguardian\apiguardian-api\1.1.0\apiguardian-api-1.1.0.jar;D:\java\maven\respo\org\opentest4j\opentest4j\1.2.0\opentest4j-1.2.0.jar;D:\java\maven\respo\org\junit\platform\junit-platform-commons\1.7.2\junit-platform-commons-1.7.2.jar;D:\java\maven\respo\org\junit\jupiter\junit-jupiter-params\5.7.2\junit-jupiter-params-5.7.2.jar;D:\java\maven\respo\org\junit\jupiter\junit-jupiter-engine\5.7.2\junit-jupiter-engine-5.7.2.jar;D:\java\maven\respo\org\junit\platform\junit-platform-engine\1.7.2\junit-platform-engine-1.7.2.jar;D:\java\maven\respo\org\mockito\mockito-core\3.9.0\mockito-core-3.9.0.jar;D:\java\maven\respo\net\bytebuddy\byte-buddy\1.10.22\byte-buddy-1.10.22.jar;D:\java\maven\respo\net\bytebuddy\byte-buddy-agent\1.10.22\byte-buddy-agent-1.10.22.jar;D:\java\maven\respo\org\objenesis\objenesis\3.2\objenesis-3.2.jar;D:\java\maven\respo\org\mockito\mockito-junit-jupiter\3.9.0\mockito-junit-jupiter-3.9.0.jar;D:\java\maven\respo\org\skyscreamer\jsonassert\1.5.0\jsonassert-1.5.0.jar;D:\java\maven\respo\com\vaadin\external\google\android-json\0.0.20131108.vaadin1\android-json-0.0.20131108.vaadin1.jar;D:\java\maven\respo\org\springframework\spring-core\5.3.9\spring-core-5.3.9.jar;D:\java\maven\respo\org\springframework\spring-jcl\5.3.9\spring-jcl-5.3.9.jar;D:\java\maven\respo\org\springframework\spring-test\5.3.9\spring-test-5.3.9.jar;D:\java\maven\respo\org\xmlunit\xmlunit-core\2.8.2\xmlunit-core-2.8.2.jar;D:\java\maven\respo\org\springframework\security\spring-security-test\5.5.2\spring-security-test-5.5.2.jar;D:\java\maven\respo\org\springframework\security\spring-security-core\5.5.2\spring-security-core-5.5.2.jar;D:\java\maven\respo\org\springframework\security\spring-security-crypto\5.5.2\spring-security-crypto-5.5.2.jar;D:\java\maven\respo\mysql\mysql-connector-java\8.0.26\mysql-connector-java-8.0.26.jar;D:\java\maven\respo\org\mybatis\spring\boot\mybatis-spring-boot-starter\2.2.0\mybatis-spring-boot-starter-2.2.0.jar;D:\java\maven\respo\org\springframework\boot\spring-boot-starter-jdbc\2.5.4\spring-boot-starter-jdbc-2.5.4.jar;D:\java\maven\respo\com\zaxxer\HikariCP\4.0.3\HikariCP-4.0.3.jar;D:\java\maven\respo\org\springframework\spring-jdbc\5.3.9\spring-jdbc-5.3.9.jar;D:\java\maven\respo\org\springframework\spring-tx\5.3.9\spring-tx-5.3.9.jar;D:\java\maven\respo\org\mybatis\spring\boot\mybatis-spring-boot-autoconfigure\2.2.0\mybatis-spring-boot-autoconfigure-2.2.0.jar;D:\java\maven\respo\org\mybatis\mybatis\3.5.7\mybatis-3.5.7.jar;D:\java\maven\respo\org\mybatis\mybatis-spring\2.0.6\mybatis-spring-2.0.6.jar;D:\java\maven\respo\org\springframework\boot\spring-boot-starter-thymeleaf\2.5.4\spring-boot-starter-thymeleaf-2.5.4.jar;D:\java\maven\respo\org\thymeleaf\thymeleaf-spring5\3.0.12.RELEASE\thymeleaf-spring5-3.0.12.RELEASE.jar;D:\java\maven\respo\org\thymeleaf\thymeleaf\3.0.12.RELEASE\thymeleaf-3.0.12.RELEASE.jar;D:\java\maven\respo\org\attoparser\attoparser\2.0.5.RELEASE\attoparser-2.0.5.RELEASE.jar;D:\java\maven\respo\org\unbescape\unbescape\1.1.6.RELEASE\unbescape-1.1.6.RELEASE.jar;D:\java\maven\respo\org\thymeleaf\extras\thymeleaf-extras-java8time\3.0.4.RELEASE\thymeleaf-extras-java8time-3.0.4.RELEASE.jar;"/>
    <property name="sun.cpu.endian" value="little"/>
    <property name="user.home" value="C:\Users\Chipmunk"/>
    <property name="user.language" value="zh"/>
    <property name="java.specification.vendor" value="Oracle Corporation"/>
    <property name="java.version.date" value="2020-10-20"/>
    <property name="java.home" value="D:\Java\jdk"/>
    <property name="file.separator" value="\"/>
    <property name="basedir" value="D:\program\java项目\bigProject"/>
    <property name="java.vm.compressedOopsMode" value="32-bit"/>
    <property name="line.separator" value="&#10;"/>
    <property name="java.vm.specification.vendor" value="Oracle Corporation"/>
    <property name="java.specification.name" value="Java Platform API Specification"/>
    <property name="surefire.real.class.path" value="C:\Users\Chipmunk\AppData\Local\Temp\surefire15692139676302609623\surefirebooter14535277899397298094.jar"/>
    <property name="user.script" value=""/>
    <property name="sun.management.compiler" value="HotSpot 64-Bit Tiered Compilers"/>
    <property name="java.runtime.version" value="15.0.1+9"/>
    <property name="user.name" value="Chipmunk"/>
    <property name="path.separator" value=";"/>
    <property name="os.version" value="10.0"/>
    <property name="java.runtime.name" value="OpenJDK Runtime Environment"/>
    <property name="file.encoding" value="GBK"/>
    <property name="java.vm.name" value="OpenJDK 64-Bit Server VM"/>
    <property name="java.vendor.version" value="AdoptOpenJDK"/>
    <property name="localRepository" value="D:\java\maven\respo"/>
    <property name="java.vendor.url.bug" value="https://github.com/AdoptOpenJDK/openjdk-support/issues"/>
    <property name="java.io.tmpdir" value="C:\Users\Chipmunk\AppData\Local\Temp\"/>
    <property name="idea.version" value="2021.1"/>
    <property name="java.version" value="15.0.1"/>
    <property name="user.dir" value="D:\program\java项目\bigProject"/>
    <property name="os.arch" value="amd64"/>
    <property name="java.vm.specification.name" value="Java Virtual Machine Specification"/>
    <property name="sun.os.patch.level" value=""/>
    <property name="java.library.path" value="D:\Java\jdk\bin;C:\WINDOWS\Sun\Java\bin;C:\WINDOWS\system32;C:\WINDOWS;C:\Program Files\NVIDIA GPU Computing Toolkit\CUDA\v11.1\bin;C:\Program Files\NVIDIA GPU Computing Toolkit\CUDA\v11.1\libnvvp;D:\java\maven\apache-maven-3.6.3\bin;D:\java\jdk\bin;C:\Windows\system32;C:\Windows;C:\Windows\System32\Wbem;C:\Windows\System32\WindowsPowerShell\v1.0\;C:\Windows\System32\OpenSSH\;C:\Program Files (x86)\NVIDIA Corporation\PhysX\Common;C:\Program Files\NVIDIA Corporation\NVIDIA NvDLISR;C:\Program Files\Microsoft SQL Server\130\Tools\Binn\;C:\Program Files\Microsoft SQL Server\Client SDK\ODBC\170\Tools\Binn\;C:\Program Files\Git\cmd;C:\Program Files\dotnet\;D:\database\mysql-8.0.21-winx64\bin;C:\WINDOWS\system32;C:\WINDOWS;C:\WINDOWS\System32\Wbem;C:\WINDOWS\System32\WindowsPowerShell\v1.0\;C:\WINDOWS\System32\OpenSSH\;C:\Program Files\NVIDIA Corporation\Nsight Compute 2020.2.0\;C:\Program Files\NVIDIA GPU Computing Toolkit\CUDA\v11.1\bin;C:\Program Files\NVIDIA GPU Computing Toolkit\CUDA\v11.1\lib\x64;C:\ProgramData\NVIDIA Corporation\CUDA Samples\v11.0\bin\win64;C:\ProgramData\NVIDIA Corporation\CUDA Samples\v11.0\common\lib\x64;D:\program\远程工具\Xftp\;D:\program\远程工具\Xshell\;D:\nodeJS\;D:\python\Scripts\;D:\python\;C:\Users\Chipmunk\AppData\Local\Microsoft\WindowsApps;C:\Users\Chipmunk\.dotnet\tools;D:\Microsoft VS Code\bin;D:\java\IDEA旗舰版\IntelliJ IDEA 2021.1\bin;;D:\飞书开发者\@bdeefeopdev-cli\bin;D:\python\PyCharm 2020.1\bin;;D:\python\accoda\Scripts;D:\python\Lib\site-packages;C:\Users\Chipmunk\AppData\Roaming\npm;."/>
    <property name="java.vm.info" value="mixed mode, sharing"/>
    <property name="java.vendor" value="AdoptOpenJDK"/>
    <property name="java.vm.version" value="15.0.1+9"/>
    <property name="sun.io.unicode.encoding" value="UnicodeLittle"/>
    <property name="maven.repo.local" value="D:\java\maven\respo"/>
    <property name="java.class.version" value="59.0"/>
  </properties>
  <testcase name="contextLoads" classname="com.huang.bigproject.BigProjectApplicationTests" time="0.578"/>
</testsuite>